<?xml version="1.0" encoding="UTF-8"?>
<testsuites name="AllLoginScenarios" time="9.048" tests="2" failures="0" errors="0">
   <testsuite name="AllLoginScenarios" tests="2" failures="0" errors="0" time="9.048" timestamp="2020-07-07 15:31:19" hostname="User - DESKTOP-N3UIFI2" id="Test Suites/Login/AllLoginScenarios">
      <properties>
         <property name="deviceName" value=""/>
         <property name="devicePlatform" value=""/>
         <property name="logFolder" value="C:\\Users\\User\\Desktop\\PW_Healthcare\\PW_Healthcare\\Reports\\20200707_153113\\Login\\AllLoginScenarios\\20200707_153113"/>
         <property name="logFiles" value="C:\\Users\\User\\Desktop\\PW_Healthcare\\PW_Healthcare\\Reports\\20200707_153113\\Login\\AllLoginScenarios\\20200707_153113\\execution0.log"/>
         <property name="attachments" value=""/>
         <property name="hostName" value="User - DESKTOP-N3UIFI2"/>
         <property name="hostAddress" value="192.168.0.103"/>
         <property name="os" value="Windows 10 64bit"/>
         <property name="katalonVersion" value="7.5.5.1"/>
      </properties>
      <testcase name="Test Cases/Login/InValidLogin" time="5.565" classname="Test Cases/Login/InValidLogin" status="PASSED">
         <system-out><![CDATA[2020-07-07 15:31:20 - [TEST_CASE][PASSED] - Test Cases/Login/InValidLogin: Test Cases/Login/InValidLogin

2020-07-07 15:31:21 - [TEST_STEP][PASSED] - response = sendRequest(findTestObject("User Login/Login URL")): Send request successfully

2020-07-07 15:31:25 - [MESSAGE][INFO] - HAR: C:\Users\User\Desktop\PW_Healthcare\PW_Healthcare\Reports\20200707_153113\Login\AllLoginScenarios\20200707_153113\requests\main\0.har

2020-07-07 15:31:25 - [MESSAGE][PASSED] - Send request successfully

2020-07-07 15:31:25 - [TEST_STEP][PASSED] - verifyResponseStatusCode(response, 200): Verify response status code successfully

2020-07-07 15:31:25 - [MESSAGE][PASSED] - Verify response status code successfully

2020-07-07 15:31:25 - [TEST_STEP][PASSED] - verifyElementPropertyValue(response, "data.customer.email", "prynk19@birdzi.com"): Verify element property value successfully

2020-07-07 15:31:25 - [MESSAGE][PASSED] - Verify element property value successfully]]></system-out>
         <system-err><![CDATA[]]></system-err>
      </testcase>
      <testcase name="Test Cases/Login/ValidLogin" time="1.894" classname="Test Cases/Login/ValidLogin" status="PASSED">
         <system-out><![CDATA[2020-07-07 15:31:26 - [TEST_CASE][PASSED] - Test Cases/Login/ValidLogin: Test Cases/Login/ValidLogin

2020-07-07 15:31:26 - [TEST_STEP][PASSED] - response = sendRequest(findTestObject("User Login/Login URL")): Send request successfully

2020-07-07 15:31:28 - [MESSAGE][INFO] - HAR: C:\Users\User\Desktop\PW_Healthcare\PW_Healthcare\Reports\20200707_153113\Login\AllLoginScenarios\20200707_153113\requests\main\1.har

2020-07-07 15:31:28 - [MESSAGE][PASSED] - Send request successfully

2020-07-07 15:31:28 - [TEST_STEP][PASSED] - verifyResponseStatusCode(response, 200): Verify response status code successfully

2020-07-07 15:31:28 - [MESSAGE][PASSED] - Verify response status code successfully

2020-07-07 15:31:28 - [TEST_STEP][PASSED] - verifyElementPropertyValue(response, "data.customer.email", "prynk19@birdzi.com"): Verify element property value successfully

2020-07-07 15:31:28 - [MESSAGE][PASSED] - Verify element property value successfully]]></system-out>
         <system-err><![CDATA[]]></system-err>
      </testcase>
      <system-out><![CDATA[2020-07-07 15:31:19 - [TEST_SUITE][PASSED] - AllLoginScenarios: Test Cases/Login/ValidLogin]]></system-out>
      <system-err><![CDATA[]]></system-err>
   </testsuite>
</testsuites>
