<?xml version="1.0" encoding="UTF-8"?>
<testsuites name="AllLoginScenarios" time="18.178" tests="2" failures="0" errors="0">
   <testsuite name="AllLoginScenarios" tests="2" failures="0" errors="0" time="18.178" timestamp="2020-07-07 15:42:49" hostname="User - DESKTOP-N3UIFI2" id="Test Suites/Login/AllLoginScenarios">
      <properties>
         <property name="deviceName" value=""/>
         <property name="devicePlatform" value=""/>
         <property name="logFolder" value="C:\\Users\\User\\Desktop\\PW_Healthcare\\PW_Healthcare\\Reports\\20200707_154235\\Login\\AllLoginScenarios\\20200707_154235"/>
         <property name="logFiles" value="C:\\Users\\User\\Desktop\\PW_Healthcare\\PW_Healthcare\\Reports\\20200707_154235\\Login\\AllLoginScenarios\\20200707_154235\\execution0.log"/>
         <property name="attachments" value=""/>
         <property name="hostName" value="User - DESKTOP-N3UIFI2"/>
         <property name="hostAddress" value="192.168.0.103"/>
         <property name="os" value="Windows 10 64bit"/>
         <property name="katalonVersion" value="7.5.5.1"/>
      </properties>
      <testcase name="Test Cases/Login/InValidLogin" time="10.931" classname="Test Cases/Login/InValidLogin" status="PASSED">
         <system-out><![CDATA[2020-07-07 15:42:52 - [TEST_CASE][PASSED] - Test Cases/Login/InValidLogin: Test Cases/Login/InValidLogin

2020-07-07 15:42:54 - [TEST_STEP][PASSED] - response = sendRequest(findTestObject("User Login/Login URL")): Send request successfully

2020-07-07 15:43:01 - [MESSAGE][INFO] - HAR: C:\Users\User\Desktop\PW_Healthcare\PW_Healthcare\Reports\20200707_154235\Login\AllLoginScenarios\20200707_154235\requests\main\0.har

2020-07-07 15:43:02 - [MESSAGE][PASSED] - Send request successfully

2020-07-07 15:43:02 - [TEST_STEP][PASSED] - verifyResponseStatusCode(response, 200): Verify response status code successfully

2020-07-07 15:43:02 - [MESSAGE][PASSED] - Verify response status code successfully

2020-07-07 15:43:02 - [TEST_STEP][PASSED] - verifyElementPropertyValue(response, "data.customer.email", "prynk19@birdzi.com"): Verify element property value successfully

2020-07-07 15:43:03 - [MESSAGE][PASSED] - Verify element property value successfully]]></system-out>
         <system-err><![CDATA[]]></system-err>
      </testcase>
      <testcase name="Test Cases/Login/ValidLogin" time="2.798" classname="Test Cases/Login/ValidLogin" status="PASSED">
         <system-out><![CDATA[2020-07-07 15:43:04 - [TEST_CASE][PASSED] - Test Cases/Login/ValidLogin: Test Cases/Login/ValidLogin

2020-07-07 15:43:05 - [TEST_STEP][PASSED] - response = sendRequest(findTestObject("User Login/Login URL")): Send request successfully

2020-07-07 15:43:06 - [MESSAGE][INFO] - HAR: C:\Users\User\Desktop\PW_Healthcare\PW_Healthcare\Reports\20200707_154235\Login\AllLoginScenarios\20200707_154235\requests\main\1.har

2020-07-07 15:43:06 - [MESSAGE][PASSED] - Send request successfully

2020-07-07 15:43:06 - [TEST_STEP][PASSED] - verifyResponseStatusCode(response, 200): Verify response status code successfully

2020-07-07 15:43:06 - [MESSAGE][PASSED] - Verify response status code successfully

2020-07-07 15:43:06 - [TEST_STEP][PASSED] - verifyElementPropertyValue(response, "data.customer.email", "prynk19@birdzi.com"): Verify element property value successfully

2020-07-07 15:43:06 - [MESSAGE][PASSED] - Verify element property value successfully]]></system-out>
         <system-err><![CDATA[]]></system-err>
      </testcase>
      <system-out><![CDATA[2020-07-07 15:42:49 - [TEST_SUITE][PASSED] - AllLoginScenarios: Test Cases/Login/ValidLogin]]></system-out>
      <system-err><![CDATA[]]></system-err>
   </testsuite>
</testsuites>
